d:\users\26023412\desktop\hw3\hw3\hw3\debug\vc140.pdb
d:\users\26023412\desktop\hw3\hw3\hw3\debug\vc140.ıdb
d:\users\26023412\desktop\hw3\hw3\hw3\debug\candy.obj
d:\users\26023412\desktop\hw3\hw3\hw3\debug\cookıe.obj
d:\users\26023412\desktop\hw3\hw3\hw3\debug\ıcecream.obj
d:\users\26023412\desktop\hw3\hw3\hw3\debug\dessertshop.obj
d:\users\26023412\desktop\hw3\hw3\hw3\debug\shop.obj
d:\users\26023412\desktop\hw3\hw3\hw3\debug\cookie.obj
d:\users\26023412\desktop\hw3\hw3\hw3\debug\icecream.obj
d:\users\26023412\desktop\hw3\hw3\hw3\debug\vc140.idb
d:\users\26023412\desktop\hw3\hw3\debug\hw3.pdb
d:\users\26023412\desktop\hw3\hw3\hw3\debug\hw3.tlog\cl.command.1.tlog
d:\users\26023412\desktop\hw3\hw3\hw3\debug\hw3.tlog\cl.read.1.tlog
d:\users\26023412\desktop\hw3\hw3\hw3\debug\hw3.tlog\cl.write.1.tlog
d:\users\26023412\desktop\hw3\hw3\hw3\debug\hw3.tlog\link-cvtres.read.1.tlog
d:\users\26023412\desktop\hw3\hw3\hw3\debug\hw3.tlog\link-cvtres.write.1.tlog
d:\users\26023412\desktop\hw3\hw3\hw3\debug\hw3.tlog\link-rc.read.1.tlog
d:\users\26023412\desktop\hw3\hw3\hw3\debug\hw3.tlog\link-rc.write.1.tlog
d:\users\26023412\desktop\hw3\hw3\hw3\debug\hw3.tlog\link.command.1.tlog
d:\users\26023412\desktop\hw3\hw3\hw3\debug\hw3.tlog\link.read.1.tlog
d:\users\26023412\desktop\hw3\hw3\hw3\debug\hw3.tlog\link.write.1.tlog
